{
  "Cucumber Features": {
    "coverage": {
      "/home/nabil/sdqi/app/models/user.rb": [
        1,
        null,
        null,
        1,
        null,
        null
      ],
      "/home/nabil/sdqi/app/models/search.rb": [
        1,
        null,
        null,
        1,
        null,
        null,
        null
      ],
      "/home/nabil/sdqi/app/controllers/application_controller.rb": [
        1,
        null,
        null,
        1,
        null
      ],
      "/home/nabil/sdqi/app/helpers/application_helper.rb": [
        1,
        null
      ],
      "/home/nabil/sdqi/app/helpers/search_helper.rb": [
        1,
        null
      ],
      "/home/nabil/sdqi/app/helpers/site_helper.rb": [
        1,
        null
      ],
      "/home/nabil/sdqi/app/controllers/site_controller.rb": [
        1,
        1,
        null,
        1,
        null,
        null
      ],
      "/home/nabil/sdqi/app/controllers/search_controller.rb": [
        1,
        1,
        null,
        28,
        null,
        28,
        28,
        null,
        28,
        28,
        null,
        null,
        null,
        null,
        null,
        null,
        null,
        28,
        28,
        28,
        28,
        1148,
        1148,
        1148,
        null,
        null,
        28,
        10,
        null,
        null,
        18,
        18,
        null,
        null,
        28,
        28,
        null,
        28,
        28,
        null,
        28,
        null,
        28,
        28,
        null,
        28,
        28,
        28,
        163,
        163,
        28,
        null,
        135,
        null,
        null,
        null,
        null,
        null,
        28,
        28,
        28,
        28,
        null,
        219,
        163,
        163,
        163,
        null,
        null,
        null,
        null,
        null,
        null,
        null,
        null,
        28,
        null,
        18,
        18,
        18,
        18,
        31,
        31,
        null,
        null,
        null,
        18,
        18,
        18,
        18,
        29,
        29,
        null,
        null,
        null,
        null,
        null,
        18,
        null,
        null,
        18,
        null,
        null,
        null,
        18,
        null,
        null,
        null,
        null,
        0,
        null,
        null,
        null,
        null,
        10,
        null,
        null,
        null,
        null,
        null,
        null,
        28,
        18,
        18,
        18,
        18,
        18,
        18,
        31,
        null,
        128,
        66,
        66,
        null,
        66,
        57,
        456,
        342,
        342,
        342,
        342,
        null,
        null,
        66,
        22,
        10,
        12,
        5,
        7,
        0,
        null,
        7,
        null,
        null,
        44,
        13,
        6,
        7,
        3,
        4,
        0,
        null,
        4,
        null,
        null,
        31,
        0,
        0,
        0,
        0,
        0,
        0,
        null,
        0,
        null,
        null,
        null,
        31,
        9,
        22,
        4,
        18,
        0,
        null,
        18,
        null,
        null,
        null,
        66,
        null,
        null,
        31,
        31,
        22,
        null,
        null,
        31,
        13,
        13,
        null,
        null,
        null,
        0,
        null,
        null,
        null,
        null,
        18,
        5,
        5,
        null,
        null,
        null,
        null,
        0,
        null,
        null,
        null,
        null,
        13,
        9,
        9,
        null,
        null,
        null,
        null,
        null,
        0,
        null,
        null,
        null,
        null,
        null,
        null,
        4,
        4,
        null,
        null,
        null,
        null,
        null,
        null,
        0,
        null,
        null,
        null,
        null,
        null,
        null,
        null,
        null,
        31,
        null,
        18,
        null,
        null,
        null,
        null,
        null,
        null,
        null,
        null,
        null,
        null,
        null,
        null,
        null,
        null,
        null,
        null,
        18,
        18,
        18,
        null,
        null,
        null,
        18,
        18,
        18,
        18,
        18,
        18,
        31,
        null,
        128,
        66,
        66,
        null,
        66,
        57,
        456,
        342,
        342,
        342,
        342,
        null,
        null,
        null,
        66,
        66,
        null,
        null,
        31,
        31,
        22,
        null,
        null,
        31,
        13,
        13,
        null,
        null,
        null,
        0,
        null,
        null,
        null,
        18,
        5,
        5,
        null,
        null,
        null,
        null,
        0,
        null,
        null,
        null,
        null,
        null,
        13,
        13,
        null,
        null,
        null,
        null,
        null,
        0,
        null,
        null,
        null,
        null,
        null,
        null,
        null,
        31,
        null,
        18,
        null,
        null,
        null,
        null,
        null,
        null,
        null,
        null,
        null,
        null,
        null,
        null,
        null,
        null,
        null,
        null,
        18,
        18,
        18,
        null,
        null,
        18,
        18,
        18,
        18,
        18,
        18,
        18,
        18,
        31,
        null,
        128,
        66,
        66,
        null,
        66,
        57,
        456,
        342,
        342,
        342,
        342,
        57,
        57,
        null,
        285,
        null,
        342,
        null,
        null,
        null,
        66,
        66,
        66,
        null,
        null,
        null,
        31,
        31,
        22,
        null,
        31,
        13,
        13,
        null,
        null,
        null,
        0,
        null,
        null,
        null,
        18,
        5,
        5,
        null,
        null,
        null,
        null,
        0,
        null,
        null,
        null,
        null,
        null,
        13,
        13,
        null,
        null,
        null,
        null,
        null,
        0,
        null,
        null,
        null,
        null,
        null,
        null,
        31,
        null,
        18,
        null,
        null,
        null,
        null,
        null,
        null,
        null,
        null,
        null,
        null,
        null,
        null,
        18,
        18,
        null,
        null,
        null,
        null,
        18,
        18,
        18,
        18,
        18,
        18,
        31,
        null,
        128,
        66,
        66,
        null,
        null,
        66,
        57,
        456,
        342,
        342,
        342,
        342,
        57,
        57,
        null,
        285,
        null,
        342,
        null,
        null,
        66,
        66,
        66,
        null,
        31,
        null,
        null,
        null,
        null,
        18,
        11,
        7,
        1,
        6,
        0,
        6,
        1,
        5,
        0,
        5,
        2,
        3,
        0,
        3,
        0,
        3,
        1,
        2,
        0,
        2,
        0,
        2,
        1,
        1,
        0,
        1,
        0,
        1,
        0,
        1,
        1,
        0,
        0,
        0,
        0,
        0,
        0,
        0,
        0,
        null,
        null,
        null,
        18,
        18,
        null,
        null,
        null,
        null,
        null,
        null,
        1,
        null,
        29,
        null,
        29,
        29,
        null,
        29,
        29,
        null,
        null,
        null,
        null,
        null,
        null,
        null,
        29,
        29,
        29,
        29,
        1189,
        1189,
        1189,
        null,
        null,
        29,
        10,
        null,
        null,
        19,
        19,
        null,
        null,
        29,
        29,
        null,
        29,
        29,
        null,
        29,
        null,
        29,
        29,
        null,
        null,
        29,
        29,
        29,
        102,
        102,
        29,
        null,
        73,
        null,
        null,
        null,
        null,
        null,
        29,
        29,
        29,
        29,
        null,
        160,
        102,
        102,
        102,
        102,
        null,
        null,
        null,
        null,
        null,
        null,
        null,
        null,
        29,
        null,
        19,
        19,
        19,
        19,
        32,
        32,
        null,
        null,
        null,
        19,
        19,
        19,
        19,
        30,
        30,
        null,
        null,
        null,
        null,
        null,
        19,
        null,
        null,
        19,
        null,
        null,
        null,
        19,
        null,
        null,
        null,
        null,
        0,
        null,
        null,
        null,
        null,
        10,
        null,
        null,
        null,
        null,
        null,
        null,
        null,
        1,
        1,
        0,
        null,
        null,
        null
      ]
    },
    "timestamp": 1461260596
  },
  "RSpec": {
    "coverage": {
      "/home/teeramoo/RubymineProjects/TestAddFilter/config/environment.rb": [
        null,
        1,
        null,
        null,
        1
      ],
      "/home/teeramoo/RubymineProjects/TestAddFilter/config/environments/test.rb": [
        1,
        null,
        null,
        null,
        null,
        null,
        null,
        1,
        null,
        null,
        null,
        null,
        1,
        null,
        null,
        1,
        1,
        null,
        null,
        1,
        1,
        null,
        null,
        1,
        null,
        null,
        1,
        null,
        null,
        null,
        null,
        1,
        null,
        null,
        1,
        null,
        null,
        1,
        null,
        null,
        null,
        null
      ],
      "/home/teeramoo/RubymineProjects/TestAddFilter/config/initializers/assets.rb": [
        null,
        null,
        null,
        1,
        null,
        null,
        null,
        null,
        null,
        null,
        null
      ],
      "/home/teeramoo/RubymineProjects/TestAddFilter/config/initializers/backtrace_silencers.rb": [
        null,
        null,
        null,
        null,
        null,
        null,
        null
      ],
      "/home/teeramoo/RubymineProjects/TestAddFilter/config/initializers/cookies_serializer.rb": [
        null,
        null,
        1
      ],
      "/home/teeramoo/RubymineProjects/TestAddFilter/config/initializers/devise.rb": [
        null,
        null,
        1,
        null,
        null,
        null,
        null,
        null,
        null,
        null,
        null,
        null,
        null,
        null,
        1,
        null,
        null,
        null,
        null,
        null,
        null,
        null,
        null,
        1,
        null,
        null,
        null,
        null,
        null,
        null,
        null,
        null,
        null,
        null,
        null,
        null,
        null,
        null,
        null,
        null,
        null,
        null,
        null,
        null,
        null,
        1,
        null,
        null,
        null,
        null,
        1,
        null,
        null,
        null,
        null,
        null,
        null,
        null,
        null,
        null,
        null,
        null,
        null,
        null,
        null,
        null,
        null,
        null,
        null,
        null,
        null,
        null,
        null,
        null,
        null,
        null,
        null,
        null,
        null,
        null,
        null,
        1,
        null,
        null,
        null,
        null,
        null,
        null,
        null,
        null,
        null,
        null,
        null,
        null,
        null,
        null,
        null,
        null,
        1,
        null,
        null,
        null,
        null,
        null,
        null,
        null,
        null,
        null,
        null,
        null,
        null,
        null,
        null,
        null,
        null,
        null,
        null,
        null,
        null,
        null,
        null,
        null,
        null,
        1,
        null,
        null,
        null,
        null,
        null,
        null,
        null,
        null,
        null,
        1,
        null,
        null,
        null,
        null,
        null,
        null,
        null,
        null,
        null,
        null,
        1,
        null,
        null,
        null,
        null,
        null,
        null,
        null,
        null,
        null,
        null,
        null,
        null,
        null,
        null,
        null,
        null,
        null,
        null,
        null,
        null,
        null,
        null,
        null,
        null,
        null,
        null,
        null,
        null,
        null,
        null,
        null,
        null,
        null,
        null,
        null,
        null,
        null,
        null,
        null,
        null,
        null,
        null,
        null,
        null,
        null,
        1,
        null,
        null,
        null,
        null,
        null,
        null,
        null,
        null,
        null,
        null,
        null,
        null,
        null,
        null,
        null,
        null,
        null,
        null,
        null,
        null,
        null,
        null,
        null,
        null,
        null,
        null,
        null,
        null,
        null,
        null,
        null,
        null,
        null,
        null,
        null,
        null,
        null,
        null,
        null,
        null,
        null,
        1,
        null,
        null,
        null,
        null,
        null,
        null,
        null,
        null,
        null,
        null,
        null,
        null,
        null,
        null,
        null,
        null,
        null,
        null,
        null,
        null,
        null,
        null,
        null,
        null,
        null,
        null,
        null,
        null,
        null
      ],
      "/home/teeramoo/RubymineProjects/TestAddFilter/config/initializers/filter_parameter_logging.rb": [
        null,
        null,
        null,
        1
      ],
      "/home/teeramoo/RubymineProjects/TestAddFilter/config/initializers/inflections.rb": [
        null,
        null,
        null,
        null,
        null,
        null,
        null,
        null,
        null,
        null,
        null,
        null,
        null,
        null,
        null,
        null
      ],
      "/home/teeramoo/RubymineProjects/TestAddFilter/config/initializers/mime_types.rb": [
        null,
        null,
        null,
        null
      ],
      "/home/teeramoo/RubymineProjects/TestAddFilter/config/initializers/session_store.rb": [
        null,
        null,
        1
      ],
      "/home/teeramoo/RubymineProjects/TestAddFilter/config/initializers/wrap_parameters.rb": [
        null,
        null,
        null,
        null,
        null,
        null,
        1,
        1,
        null,
        null,
        null,
        null,
        null,
        null
      ],
      "/home/teeramoo/RubymineProjects/TestAddFilter/config/routes.rb": [
        1,
        1,
        1,
        null,
        1,
        null,
        null,
        null,
        null,
        null,
        1,
        null,
        null,
        null,
        null,
        null,
        null,
        null,
        null,
        null,
        null,
        null,
        null,
        null,
        null,
        null,
        null,
        null,
        null,
        null,
        null,
        null,
        null,
        null,
        null,
        null,
        null,
        null,
        null,
        null,
        null,
        null,
        null,
        null,
        null,
        null,
        null,
        null,
        null,
        null,
        null,
        null,
        null,
        null,
        null,
        null,
        null,
        null,
        null,
        null,
        null
      ],
      "/home/teeramoo/RubymineProjects/TestAddFilter/app/models/user.rb": [
        1,
        null,
        null,
        1,
        null,
        null
      ],
      "/home/teeramoo/RubymineProjects/TestAddFilter/test/controllers/site_controller_test.rb": [
        1,
        null,
        1,
        null,
        null,
        null
      ],
      "/home/teeramoo/RubymineProjects/TestAddFilter/test/models/search_test.rb": [
        1,
        null,
        1,
        null,
        null,
        null
      ],
      "/home/teeramoo/RubymineProjects/TestAddFilter/test/models/user_test.rb": [
        1,
        null,
        1,
        null,
        null,
        null,
        null
      ]
    },
    "timestamp": 1460043207
  }
}
