{
  "Cucumber Features": {
    "coverage": {
      "/home/shyam/Desktop/SDQI Project/sdqi/app/models/user.rb": [
        1,
        null,
        null,
        1,
        null,
        null
      ],
      "/home/shyam/Desktop/SDQI Project/sdqi/app/controllers/application_controller.rb": [
        1,
        null,
        null,
        1,
        null
      ],
      "/home/shyam/Desktop/SDQI Project/sdqi/app/helpers/application_helper.rb": [
        1,
        null
      ],
      "/home/shyam/Desktop/SDQI Project/sdqi/app/helpers/search_helper.rb": [
        1,
        null
      ],
      "/home/shyam/Desktop/SDQI Project/sdqi/app/helpers/site_helper.rb": [
        1,
        null
      ],
      "/home/shyam/Desktop/SDQI Project/sdqi/app/controllers/site_controller.rb": [
        1,
        1,
        null,
        null
      ],
      "/home/shyam/Desktop/SDQI Project/sdqi/app/controllers/search_controller.rb": [
        1,
        1,
        1,
        null,
        3,
        null,
        3,
        3,
        null,
        3,
        3,
        null,
        null,
        null,
        null,
        null,
        null,
        null,
        3,
        3,
        3,
        3,
        123,
        123,
        123,
        null,
        null,
        3,
        2,
        null,
        null,
        1,
        1,
        null,
        null,
        3,
        3,
        null,
        3,
        3,
        null,
        3,
        null,
        3,
        3,
        null,
        3,
        3,
        3,
        3,
        13,
        13,
        3,
        null,
        10,
        null,
        null,
        null,
        3,
        null,
        null,
        3,
        3,
        3,
        3,
        3,
        3,
        3,
        19,
        13,
        13,
        13,
        13,
        null,
        null,
        3,
        null,
        null,
        null,
        null,
        null,
        3,
        null,
        1,
        1,
        1,
        1,
        1,
        1,
        null,
        null,
        null,
        1,
        1,
        1,
        1,
        1,
        1,
        null,
        1,
        1,
        null,
        null,
        null,
        1,
        null,
        null,
        1,
        null,
        null,
        null,
        1,
        null,
        null,
        null,
        null,
        0,
        null,
        null,
        null,
        null,
        2,
        null,
        null,
        null,
        null,
        null,
        null,
        3,
        1,
        1,
        1,
        1,
        1,
        1,
        null,
        3,
        1,
        1,
        null,
        1,
        1,
        13,
        11,
        11,
        11,
        11,
        null,
        null,
        null,
        1,
        1,
        null,
        null,
        1,
        1,
        1,
        null,
        null,
        1,
        1,
        1,
        null,
        null,
        null,
        0,
        null,
        null,
        null,
        null,
        0,
        0,
        0,
        null,
        null,
        null,
        null,
        0,
        null,
        null,
        null,
        null,
        null,
        0,
        0,
        null,
        null,
        null,
        null,
        null,
        0,
        null,
        null,
        null,
        null,
        null,
        null,
        null,
        1,
        null,
        1,
        null,
        null,
        null,
        null,
        null,
        null,
        null,
        null,
        null,
        null,
        null,
        null,
        null,
        null,
        null,
        null,
        1,
        1,
        null,
        null,
        null,
        1,
        1,
        1,
        1,
        1,
        1,
        null,
        3,
        1,
        1,
        null,
        1,
        1,
        13,
        11,
        11,
        11,
        11,
        null,
        null,
        null,
        1,
        1,
        null,
        null,
        1,
        1,
        1,
        null,
        null,
        1,
        1,
        1,
        null,
        null,
        null,
        0,
        null,
        null,
        null,
        0,
        0,
        0,
        null,
        null,
        null,
        null,
        0,
        null,
        null,
        null,
        null,
        null,
        0,
        0,
        null,
        null,
        null,
        null,
        null,
        0,
        null,
        null,
        null,
        null,
        null,
        null,
        null,
        1,
        null,
        1,
        null,
        null,
        null,
        null,
        null,
        null,
        null,
        null,
        null,
        null,
        null,
        null,
        null,
        null,
        null,
        null,
        1,
        1,
        null,
        null,
        1,
        1,
        1,
        1,
        1,
        1,
        1,
        1,
        null,
        3,
        1,
        1,
        null,
        1,
        1,
        13,
        11,
        11,
        11,
        11,
        1,
        1,
        null,
        10,
        null,
        11,
        null,
        null,
        null,
        1,
        1,
        1,
        null,
        null,
        null,
        1,
        1,
        1,
        null,
        1,
        1,
        1,
        null,
        null,
        null,
        0,
        null,
        null,
        null,
        0,
        0,
        0,
        null,
        null,
        null,
        null,
        0,
        null,
        null,
        null,
        null,
        null,
        0,
        0,
        null,
        null,
        null,
        null,
        null,
        0,
        null,
        null,
        null,
        null,
        null,
        null,
        1,
        null,
        1,
        0,
        1,
        0,
        1,
        0,
        null,
        1,
        null,
        1,
        null,
        null,
        null,
        null,
        null,
        null,
        null,
        null,
        null,
        null,
        null,
        null,
        1,
        null,
        null,
        null,
        null,
        null,
        null,
        null,
        null,
        1,
        1,
        0,
        null,
        null,
        null
      ],
      "/home/shyam/Desktop/SDQI Project/sdqi/app/models/search.rb": [
        1,
        null,
        null,
        1,
        null,
        null,
        null
      ]
    },
    "timestamp": 1460382970
  },
  "RSpec": {
    "coverage": {
      "/home/teeramoo/RubymineProjects/TestAddFilter/config/environment.rb": [
        null,
        1,
        null,
        null,
        1
      ],
      "/home/teeramoo/RubymineProjects/TestAddFilter/config/environments/test.rb": [
        1,
        null,
        null,
        null,
        null,
        null,
        null,
        1,
        null,
        null,
        null,
        null,
        1,
        null,
        null,
        1,
        1,
        null,
        null,
        1,
        1,
        null,
        null,
        1,
        null,
        null,
        1,
        null,
        null,
        null,
        null,
        1,
        null,
        null,
        1,
        null,
        null,
        1,
        null,
        null,
        null,
        null
      ],
      "/home/teeramoo/RubymineProjects/TestAddFilter/config/initializers/assets.rb": [
        null,
        null,
        null,
        1,
        null,
        null,
        null,
        null,
        null,
        null,
        null
      ],
      "/home/teeramoo/RubymineProjects/TestAddFilter/config/initializers/backtrace_silencers.rb": [
        null,
        null,
        null,
        null,
        null,
        null,
        null
      ],
      "/home/teeramoo/RubymineProjects/TestAddFilter/config/initializers/cookies_serializer.rb": [
        null,
        null,
        1
      ],
      "/home/teeramoo/RubymineProjects/TestAddFilter/config/initializers/devise.rb": [
        null,
        null,
        1,
        null,
        null,
        null,
        null,
        null,
        null,
        null,
        null,
        null,
        null,
        null,
        1,
        null,
        null,
        null,
        null,
        null,
        null,
        null,
        null,
        1,
        null,
        null,
        null,
        null,
        null,
        null,
        null,
        null,
        null,
        null,
        null,
        null,
        null,
        null,
        null,
        null,
        null,
        null,
        null,
        null,
        null,
        1,
        null,
        null,
        null,
        null,
        1,
        null,
        null,
        null,
        null,
        null,
        null,
        null,
        null,
        null,
        null,
        null,
        null,
        null,
        null,
        null,
        null,
        null,
        null,
        null,
        null,
        null,
        null,
        null,
        null,
        null,
        null,
        null,
        null,
        null,
        null,
        1,
        null,
        null,
        null,
        null,
        null,
        null,
        null,
        null,
        null,
        null,
        null,
        null,
        null,
        null,
        null,
        null,
        1,
        null,
        null,
        null,
        null,
        null,
        null,
        null,
        null,
        null,
        null,
        null,
        null,
        null,
        null,
        null,
        null,
        null,
        null,
        null,
        null,
        null,
        null,
        null,
        null,
        1,
        null,
        null,
        null,
        null,
        null,
        null,
        null,
        null,
        null,
        1,
        null,
        null,
        null,
        null,
        null,
        null,
        null,
        null,
        null,
        null,
        1,
        null,
        null,
        null,
        null,
        null,
        null,
        null,
        null,
        null,
        null,
        null,
        null,
        null,
        null,
        null,
        null,
        null,
        null,
        null,
        null,
        null,
        null,
        null,
        null,
        null,
        null,
        null,
        null,
        null,
        null,
        null,
        null,
        null,
        null,
        null,
        null,
        null,
        null,
        null,
        null,
        null,
        null,
        null,
        null,
        null,
        1,
        null,
        null,
        null,
        null,
        null,
        null,
        null,
        null,
        null,
        null,
        null,
        null,
        null,
        null,
        null,
        null,
        null,
        null,
        null,
        null,
        null,
        null,
        null,
        null,
        null,
        null,
        null,
        null,
        null,
        null,
        null,
        null,
        null,
        null,
        null,
        null,
        null,
        null,
        null,
        null,
        null,
        1,
        null,
        null,
        null,
        null,
        null,
        null,
        null,
        null,
        null,
        null,
        null,
        null,
        null,
        null,
        null,
        null,
        null,
        null,
        null,
        null,
        null,
        null,
        null,
        null,
        null,
        null,
        null,
        null,
        null
      ],
      "/home/teeramoo/RubymineProjects/TestAddFilter/config/initializers/filter_parameter_logging.rb": [
        null,
        null,
        null,
        1
      ],
      "/home/teeramoo/RubymineProjects/TestAddFilter/config/initializers/inflections.rb": [
        null,
        null,
        null,
        null,
        null,
        null,
        null,
        null,
        null,
        null,
        null,
        null,
        null,
        null,
        null,
        null
      ],
      "/home/teeramoo/RubymineProjects/TestAddFilter/config/initializers/mime_types.rb": [
        null,
        null,
        null,
        null
      ],
      "/home/teeramoo/RubymineProjects/TestAddFilter/config/initializers/session_store.rb": [
        null,
        null,
        1
      ],
      "/home/teeramoo/RubymineProjects/TestAddFilter/config/initializers/wrap_parameters.rb": [
        null,
        null,
        null,
        null,
        null,
        null,
        1,
        1,
        null,
        null,
        null,
        null,
        null,
        null
      ],
      "/home/teeramoo/RubymineProjects/TestAddFilter/config/routes.rb": [
        1,
        1,
        1,
        null,
        1,
        null,
        null,
        null,
        null,
        null,
        1,
        null,
        null,
        null,
        null,
        null,
        null,
        null,
        null,
        null,
        null,
        null,
        null,
        null,
        null,
        null,
        null,
        null,
        null,
        null,
        null,
        null,
        null,
        null,
        null,
        null,
        null,
        null,
        null,
        null,
        null,
        null,
        null,
        null,
        null,
        null,
        null,
        null,
        null,
        null,
        null,
        null,
        null,
        null,
        null,
        null,
        null,
        null,
        null,
        null,
        null
      ],
      "/home/teeramoo/RubymineProjects/TestAddFilter/app/models/user.rb": [
        1,
        null,
        null,
        1,
        null,
        null
      ],
      "/home/teeramoo/RubymineProjects/TestAddFilter/test/controllers/site_controller_test.rb": [
        1,
        null,
        1,
        null,
        null,
        null
      ],
      "/home/teeramoo/RubymineProjects/TestAddFilter/test/models/search_test.rb": [
        1,
        null,
        1,
        null,
        null,
        null
      ],
      "/home/teeramoo/RubymineProjects/TestAddFilter/test/models/user_test.rb": [
        1,
        null,
        1,
        null,
        null,
        null,
        null
      ]
    },
    "timestamp": 1460043207
  }
}
